2023-02-21T08:22:38.211-05:00 INFO  [-] 2023-02-21 08:22:38,211 [restartedMain] c.r.b.BuddyByDaylightApplication - Starting BuddyByDaylightApplication using Java 19.0.2 with PID 11912 (C:\Projects\spring-boot-workspace\BuddyByDaylight\target\classes started by tiffy in C:\Projects\spring-boot-workspace\BuddyByDaylight)
 11912 --- [restartedMain] c.r.b.BuddyByDaylightApplication         : Starting BuddyByDaylightApplication using Java 19.0.2 with PID 11912 (C:\Projects\spring-boot-workspace\BuddyByDaylight\target\classes started by tiffy in C:\Projects\spring-boot-workspace\BuddyByDaylight)
2023-02-21T08:22:38.216-05:00 INFO  [-] 2023-02-21 08:22:38,216 [restartedMain] c.r.b.BuddyByDaylightApplication - No active profile set, falling back to 1 default profile: "default"
 11912 --- [restartedMain] c.r.b.BuddyByDaylightApplication         : No active profile set, falling back to 1 default profile: "default"
2023-02-21T08:22:38.267-05:00 INFO  [-] 2023-02-21 08:22:38,267 [restartedMain] o.s.b.d.e.DevToolsPropertyDefaultsPostProcessor - Devtools property defaults active! Set 'spring.devtools.add-properties' to 'false' to disable
 11912 --- [restartedMain] .e.DevToolsPropertyDefaultsPostProcessor : Devtools property defaults active! Set 'spring.devtools.add-properties' to 'false' to disable
2023-02-21T08:22:38.267-05:00 INFO  [-] 2023-02-21 08:22:38,267 [restartedMain] o.s.b.d.e.DevToolsPropertyDefaultsPostProcessor - For additional web related logging consider setting the 'logging.level.web' property to 'DEBUG'
 11912 --- [restartedMain] .e.DevToolsPropertyDefaultsPostProcessor : For additional web related logging consider setting the 'logging.level.web' property to 'DEBUG'
2023-02-21T08:22:39.178-05:00 INFO  [-] 2023-02-21 08:22:39,178 [restartedMain] o.s.d.r.c.RepositoryConfigurationDelegate - Bootstrapping Spring Data JPA repositories in DEFAULT mode.
 11912 --- [restartedMain] .s.d.r.c.RepositoryConfigurationDelegate : Bootstrapping Spring Data JPA repositories in DEFAULT mode.
2023-02-21T08:22:39.225-05:00 INFO  [-] 2023-02-21 08:22:39,225 [restartedMain] o.s.d.r.c.RepositoryConfigurationDelegate - Finished Spring Data repository scanning in 40 ms. Found 3 JPA repository interfaces.
 11912 --- [restartedMain] .s.d.r.c.RepositoryConfigurationDelegate : Finished Spring Data repository scanning in 40 ms. Found 3 JPA repository interfaces.
2023-02-21T08:22:39.756-05:00 INFO  [-] 2023-02-21 08:22:39,756 [restartedMain] o.s.b.w.e.t.TomcatWebServer - Tomcat initialized with port(s): 8080 (http)
 11912 --- [restartedMain] o.s.b.w.embedded.tomcat.TomcatWebServer  : Tomcat initialized with port(s): 8080 (http)
2023-02-21T08:22:39.767-05:00 INFO  [-] 2023-02-21 08:22:39,767 [restartedMain] o.a.c.c.StandardService - Starting service [Tomcat]
 11912 --- [restartedMain] o.apache.catalina.core.StandardService   : Starting service [Tomcat]
2023-02-21T08:22:39.768-05:00 INFO  [-] 2023-02-21 08:22:39,768 [restartedMain] o.a.c.c.StandardEngine - Starting Servlet engine: [Apache Tomcat/10.1.5]
 11912 --- [restartedMain] o.apache.catalina.core.StandardEngine    : Starting Servlet engine: [Apache Tomcat/10.1.5]
2023-02-21T08:22:39.832-05:00 INFO  [-] 2023-02-21 08:22:39,832 [restartedMain] o.a.c.c.C.[.[.[/] - Initializing Spring embedded WebApplicationContext
 11912 --- [restartedMain] o.a.c.c.C.[Tomcat].[localhost].[/]       : Initializing Spring embedded WebApplicationContext
2023-02-21T08:22:39.832-05:00 INFO  [-] 2023-02-21 08:22:39,832 [restartedMain] o.s.b.w.s.c.ServletWebServerApplicationContext - Root WebApplicationContext: initialization completed in 1565 ms
 11912 --- [restartedMain] w.s.c.ServletWebServerApplicationContext : Root WebApplicationContext: initialization completed in 1565 ms
2023-02-21T08:22:40.072-05:00 INFO  [-] 2023-02-21 08:22:40,072 [restartedMain] c.z.h.HikariDataSource - HikariPool-1 - Starting...
 11912 --- [restartedMain] com.zaxxer.hikari.HikariDataSource       : HikariPool-1 - Starting...
2023-02-21T08:22:40.442-05:00 INFO  [-] 2023-02-21 08:22:40,442 [restartedMain] c.z.h.p.HikariPool - HikariPool-1 - Added connection com.mysql.cj.jdbc.ConnectionImpl@f791e9e
 11912 --- [restartedMain] com.zaxxer.hikari.pool.HikariPool        : HikariPool-1 - Added connection com.mysql.cj.jdbc.ConnectionImpl@f791e9e
2023-02-21T08:22:40.443-05:00 INFO  [-] 2023-02-21 08:22:40,443 [restartedMain] c.z.h.HikariDataSource - HikariPool-1 - Start completed.
 11912 --- [restartedMain] com.zaxxer.hikari.HikariDataSource       : HikariPool-1 - Start completed.
2023-02-21T08:22:40.770-05:00 INFO  [-] 2023-02-21 08:22:40,770 [restartedMain] o.h.j.i.u.LogHelper - HHH000204: Processing PersistenceUnitInfo [name: default]
 11912 --- [restartedMain] o.hibernate.jpa.internal.util.LogHelper  : HHH000204: Processing PersistenceUnitInfo [name: default]
2023-02-21T08:22:40.843-05:00 INFO  [-] 2023-02-21 08:22:40,843 [restartedMain] o.h.Version - HHH000412: Hibernate ORM core version 6.1.6.Final
 11912 --- [restartedMain] org.hibernate.Version                    : HHH000412: Hibernate ORM core version 6.1.6.Final
2023-02-21T08:22:41.071-05:00 WARN  [-] 2023-02-21 08:22:41,071 [restartedMain] o.h.o.deprecation - HHH90000021: Encountered deprecated setting [javax.persistence.sharedCache.mode], use [jakarta.persistence.sharedCache.mode] instead
 11912 --- [restartedMain] org.hibernate.orm.deprecation            : HHH90000021: Encountered deprecated setting [javax.persistence.sharedCache.mode], use [jakarta.persistence.sharedCache.mode] instead
2023-02-21T08:22:41.245-05:00 INFO  [-] 2023-02-21 08:22:41,245 [restartedMain] SQL dialect - HHH000400: Using dialect: org.hibernate.dialect.MySQLDialect
 11912 --- [restartedMain] SQL dialect                              : HHH000400: Using dialect: org.hibernate.dialect.MySQLDialect
2023-02-21T08:22:42.126-05:00 INFO  [-] 2023-02-21 08:22:42,126 [restartedMain] o.h.e.t.j.p.i.JtaPlatformInitiator - HHH000490: Using JtaPlatform implementation: [org.hibernate.engine.transaction.jta.platform.internal.NoJtaPlatform]
 11912 --- [restartedMain] o.h.e.t.j.p.i.JtaPlatformInitiator       : HHH000490: Using JtaPlatform implementation: [org.hibernate.engine.transaction.jta.platform.internal.NoJtaPlatform]
2023-02-21T08:22:42.135-05:00 INFO  [-] 2023-02-21 08:22:42,135 [restartedMain] o.s.o.j.LocalContainerEntityManagerFactoryBean - Initialized JPA EntityManagerFactory for persistence unit 'default'
 11912 --- [restartedMain] j.LocalContainerEntityManagerFactoryBean : Initialized JPA EntityManagerFactory for persistence unit 'default'
2023-02-21T08:22:42.559-05:00 WARN  [-] 2023-02-21 08:22:42,559 [restartedMain] o.s.b.a.o.j.JpaBaseConfiguration$JpaWebConfiguration - spring.jpa.open-in-view is enabled by default. Therefore, database queries may be performed during view rendering. Explicitly configure spring.jpa.open-in-view to disable this warning
 11912 --- [restartedMain] JpaBaseConfiguration$JpaWebConfiguration : spring.jpa.open-in-view is enabled by default. Therefore, database queries may be performed during view rendering. Explicitly configure spring.jpa.open-in-view to disable this warning
2023-02-21T08:22:42.584-05:00 WARN  [-] 2023-02-21 08:22:42,584 [restartedMain] o.s.b.a.s.s.UserDetailsServiceAutoConfiguration - 

Using generated security password: cbf6037d-6b33-4836-946c-b49e77abd299

This generated password is for development use only. Your security configuration must be updated before running your application in production.

 11912 --- [restartedMain] .s.s.UserDetailsServiceAutoConfiguration : 

Using generated security password: cbf6037d-6b33-4836-946c-b49e77abd299

This generated password is for development use only. Your security configuration must be updated before running your application in production.

2023-02-21T08:22:42.704-05:00 INFO  [-] 2023-02-21 08:22:42,704 [restartedMain] o.s.b.a.w.s.WelcomePageHandlerMapping - Adding welcome page template: index
 11912 --- [restartedMain] o.s.b.a.w.s.WelcomePageHandlerMapping    : Adding welcome page template: index
2023-02-21T08:22:43.268-05:00 INFO  [-] 2023-02-21 08:22:43,268 [restartedMain] o.s.b.a.e.w.EndpointLinksResolver - Exposing 1 endpoint(s) beneath base path '/actuator'
 11912 --- [restartedMain] o.s.b.a.e.web.EndpointLinksResolver      : Exposing 1 endpoint(s) beneath base path '/actuator'
2023-02-21T08:22:43.314-05:00 INFO  [-] 2023-02-21 08:22:43,314 [restartedMain] o.s.s.w.DefaultSecurityFilterChain - Will secure any request with [org.springframework.security.web.session.DisableEncodeUrlFilter@408b51a9, org.springframework.security.web.context.request.async.WebAsyncManagerIntegrationFilter@2f5b10a3, org.springframework.security.web.context.SecurityContextHolderFilter@29ad08a2, org.springframework.security.web.header.HeaderWriterFilter@29c2d18f, org.springframework.security.web.authentication.logout.LogoutFilter@794fd040, org.springframework.security.web.savedrequest.RequestCacheAwareFilter@244146e8, org.springframework.security.web.servletapi.SecurityContextHolderAwareRequestFilter@22f5fd81, org.springframework.security.web.authentication.AnonymousAuthenticationFilter@5523cf9c, org.springframework.security.web.access.ExceptionTranslationFilter@433aa564, org.springframework.security.web.access.intercept.AuthorizationFilter@fcc1e6d]
 11912 --- [restartedMain] o.s.s.web.DefaultSecurityFilterChain     : Will secure any request with [org.springframework.security.web.session.DisableEncodeUrlFilter@408b51a9, org.springframework.security.web.context.request.async.WebAsyncManagerIntegrationFilter@2f5b10a3, org.springframework.security.web.context.SecurityContextHolderFilter@29ad08a2, org.springframework.security.web.header.HeaderWriterFilter@29c2d18f, org.springframework.security.web.authentication.logout.LogoutFilter@794fd040, org.springframework.security.web.savedrequest.RequestCacheAwareFilter@244146e8, org.springframework.security.web.servletapi.SecurityContextHolderAwareRequestFilter@22f5fd81, org.springframework.security.web.authentication.AnonymousAuthenticationFilter@5523cf9c, org.springframework.security.web.access.ExceptionTranslationFilter@433aa564, org.springframework.security.web.access.intercept.AuthorizationFilter@fcc1e6d]
2023-02-21T08:22:43.633-05:00 INFO  [-] 2023-02-21 08:22:43,633 [restartedMain] o.s.b.d.a.OptionalLiveReloadServer - LiveReload server is running on port 35729
 11912 --- [restartedMain] o.s.b.d.a.OptionalLiveReloadServer       : LiveReload server is running on port 35729
2023-02-21T08:22:43.712-05:00 INFO  [-] 2023-02-21 08:22:43,712 [restartedMain] o.s.b.w.e.t.TomcatWebServer - Tomcat started on port(s): 8080 (http) with context path ''
 11912 --- [restartedMain] o.s.b.w.embedded.tomcat.TomcatWebServer  : Tomcat started on port(s): 8080 (http) with context path ''
2023-02-21T08:22:43.730-05:00 INFO  [-] 2023-02-21 08:22:43,730 [restartedMain] c.r.b.BuddyByDaylightApplication - Started BuddyByDaylightApplication in 5.925 seconds (process running for 9.107)
 11912 --- [restartedMain] c.r.b.BuddyByDaylightApplication         : Started BuddyByDaylightApplication in 5.925 seconds (process running for 9.107)
2023-02-21T08:23:36.176-05:00 INFO  [-] 2023-02-21 08:23:36,176 [http-nio-8080-exec-1] o.a.c.c.C.[.[.[/] - Initializing Spring DispatcherServlet 'dispatcherServlet'
 11912 --- [http-nio-8080-exec-1] o.a.c.c.C.[Tomcat].[localhost].[/]       : Initializing Spring DispatcherServlet 'dispatcherServlet'
2023-02-21T08:23:36.176-05:00 INFO  [-] 2023-02-21 08:23:36,176 [http-nio-8080-exec-1] o.s.w.s.DispatcherServlet - Initializing Servlet 'dispatcherServlet'
 11912 --- [http-nio-8080-exec-1] o.s.web.servlet.DispatcherServlet        : Initializing Servlet 'dispatcherServlet'
2023-02-21T08:23:36.177-05:00 INFO  [-] 2023-02-21 08:23:36,177 [http-nio-8080-exec-1] o.s.w.s.DispatcherServlet - Completed initialization in 1 ms
 11912 --- [http-nio-8080-exec-1] o.s.web.servlet.DispatcherServlet        : Completed initialization in 1 ms
2023-02-21T08:23:37.128-05:00 WARN  [-] 2023-02-21 08:23:37,128 [http-nio-8080-exec-5] o.s.w.s.PageNotFound - No mapping for GET /favicon.ico
 11912 --- [http-nio-8080-exec-5] o.s.web.servlet.PageNotFound             : No mapping for GET /favicon.ico
2023-02-21T09:24:53.562-05:00 INFO  [-] 2023-02-21 09:24:53,562 [SpringApplicationShutdownHook] o.s.o.j.LocalContainerEntityManagerFactoryBean - Closing JPA EntityManagerFactory for persistence unit 'default'
 11912 --- [SpringApplicationShutdownHook] j.LocalContainerEntityManagerFactoryBean : Closing JPA EntityManagerFactory for persistence unit 'default'
2023-02-21T09:24:53.598-05:00 INFO  [-] 2023-02-21 09:24:53,598 [SpringApplicationShutdownHook] c.z.h.HikariDataSource - HikariPool-1 - Shutdown initiated...
 11912 --- [SpringApplicationShutdownHook] com.zaxxer.hikari.HikariDataSource       : HikariPool-1 - Shutdown initiated...
2023-02-21T09:24:53.614-05:00 INFO  [-] 2023-02-21 09:24:53,614 [SpringApplicationShutdownHook] c.z.h.HikariDataSource - HikariPool-1 - Shutdown completed.
 11912 --- [SpringApplicationShutdownHook] com.zaxxer.hikari.HikariDataSource       : HikariPool-1 - Shutdown completed.
2023-02-21T10:30:34.091-05:00 INFO  [-] 2023-02-21 10:30:34,091 [restartedMain] c.r.b.BuddyByDaylightApplication - Starting BuddyByDaylightApplication using Java 19.0.2 with PID 9844 (C:\Projects\spring-boot-workspace\BuddyByDaylight\target\classes started by tiffy in C:\Projects\spring-boot-workspace\BuddyByDaylight)
 9844 --- [restartedMain] c.r.b.BuddyByDaylightApplication         : Starting BuddyByDaylightApplication using Java 19.0.2 with PID 9844 (C:\Projects\spring-boot-workspace\BuddyByDaylight\target\classes started by tiffy in C:\Projects\spring-boot-workspace\BuddyByDaylight)
2023-02-21T10:30:34.095-05:00 INFO  [-] 2023-02-21 10:30:34,095 [restartedMain] c.r.b.BuddyByDaylightApplication - No active profile set, falling back to 1 default profile: "default"
 9844 --- [restartedMain] c.r.b.BuddyByDaylightApplication         : No active profile set, falling back to 1 default profile: "default"
2023-02-21T10:30:34.151-05:00 INFO  [-] 2023-02-21 10:30:34,151 [restartedMain] o.s.b.d.e.DevToolsPropertyDefaultsPostProcessor - Devtools property defaults active! Set 'spring.devtools.add-properties' to 'false' to disable
 9844 --- [restartedMain] .e.DevToolsPropertyDefaultsPostProcessor : Devtools property defaults active! Set 'spring.devtools.add-properties' to 'false' to disable
2023-02-21T10:30:34.151-05:00 INFO  [-] 2023-02-21 10:30:34,151 [restartedMain] o.s.b.d.e.DevToolsPropertyDefaultsPostProcessor - For additional web related logging consider setting the 'logging.level.web' property to 'DEBUG'
 9844 --- [restartedMain] .e.DevToolsPropertyDefaultsPostProcessor : For additional web related logging consider setting the 'logging.level.web' property to 'DEBUG'
2023-02-21T10:30:35.502-05:00 INFO  [-] 2023-02-21 10:30:35,502 [restartedMain] o.s.d.r.c.RepositoryConfigurationDelegate - Bootstrapping Spring Data JPA repositories in DEFAULT mode.
 9844 --- [restartedMain] .s.d.r.c.RepositoryConfigurationDelegate : Bootstrapping Spring Data JPA repositories in DEFAULT mode.
2023-02-21T10:30:35.566-05:00 INFO  [-] 2023-02-21 10:30:35,566 [restartedMain] o.s.d.r.c.RepositoryConfigurationDelegate - Finished Spring Data repository scanning in 55 ms. Found 3 JPA repository interfaces.
 9844 --- [restartedMain] .s.d.r.c.RepositoryConfigurationDelegate : Finished Spring Data repository scanning in 55 ms. Found 3 JPA repository interfaces.
2023-02-21T10:30:36.324-05:00 INFO  [-] 2023-02-21 10:30:36,324 [restartedMain] o.s.b.w.e.t.TomcatWebServer - Tomcat initialized with port(s): 8080 (http)
 9844 --- [restartedMain] o.s.b.w.embedded.tomcat.TomcatWebServer  : Tomcat initialized with port(s): 8080 (http)
2023-02-21T10:30:36.333-05:00 INFO  [-] 2023-02-21 10:30:36,333 [restartedMain] o.a.c.c.StandardService - Starting service [Tomcat]
 9844 --- [restartedMain] o.apache.catalina.core.StandardService   : Starting service [Tomcat]
2023-02-21T10:30:36.334-05:00 INFO  [-] 2023-02-21 10:30:36,334 [restartedMain] o.a.c.c.StandardEngine - Starting Servlet engine: [Apache Tomcat/10.1.5]
 9844 --- [restartedMain] o.apache.catalina.core.StandardEngine    : Starting Servlet engine: [Apache Tomcat/10.1.5]
2023-02-21T10:30:36.403-05:00 INFO  [-] 2023-02-21 10:30:36,403 [restartedMain] o.a.c.c.C.[.[.[/] - Initializing Spring embedded WebApplicationContext
 9844 --- [restartedMain] o.a.c.c.C.[Tomcat].[localhost].[/]       : Initializing Spring embedded WebApplicationContext
2023-02-21T10:30:36.405-05:00 INFO  [-] 2023-02-21 10:30:36,405 [restartedMain] o.s.b.w.s.c.ServletWebServerApplicationContext - Root WebApplicationContext: initialization completed in 2253 ms
 9844 --- [restartedMain] w.s.c.ServletWebServerApplicationContext : Root WebApplicationContext: initialization completed in 2253 ms
2023-02-21T10:30:36.631-05:00 INFO  [-] 2023-02-21 10:30:36,631 [restartedMain] c.z.h.HikariDataSource - HikariPool-1 - Starting...
 9844 --- [restartedMain] com.zaxxer.hikari.HikariDataSource       : HikariPool-1 - Starting...
2023-02-21T10:30:37.014-05:00 INFO  [-] 2023-02-21 10:30:37,014 [restartedMain] c.z.h.p.HikariPool - HikariPool-1 - Added connection com.mysql.cj.jdbc.ConnectionImpl@57393b14
 9844 --- [restartedMain] com.zaxxer.hikari.pool.HikariPool        : HikariPool-1 - Added connection com.mysql.cj.jdbc.ConnectionImpl@57393b14
2023-02-21T10:30:37.016-05:00 INFO  [-] 2023-02-21 10:30:37,016 [restartedMain] c.z.h.HikariDataSource - HikariPool-1 - Start completed.
 9844 --- [restartedMain] com.zaxxer.hikari.HikariDataSource       : HikariPool-1 - Start completed.
2023-02-21T10:30:37.433-05:00 INFO  [-] 2023-02-21 10:30:37,433 [restartedMain] o.h.j.i.u.LogHelper - HHH000204: Processing PersistenceUnitInfo [name: default]
 9844 --- [restartedMain] o.hibernate.jpa.internal.util.LogHelper  : HHH000204: Processing PersistenceUnitInfo [name: default]
2023-02-21T10:30:37.494-05:00 INFO  [-] 2023-02-21 10:30:37,494 [restartedMain] o.h.Version - HHH000412: Hibernate ORM core version 6.1.6.Final
 9844 --- [restartedMain] org.hibernate.Version                    : HHH000412: Hibernate ORM core version 6.1.6.Final
2023-02-21T10:30:37.789-05:00 WARN  [-] 2023-02-21 10:30:37,789 [restartedMain] o.h.o.deprecation - HHH90000021: Encountered deprecated setting [javax.persistence.sharedCache.mode], use [jakarta.persistence.sharedCache.mode] instead
 9844 --- [restartedMain] org.hibernate.orm.deprecation            : HHH90000021: Encountered deprecated setting [javax.persistence.sharedCache.mode], use [jakarta.persistence.sharedCache.mode] instead
2023-02-21T10:30:37.999-05:00 INFO  [-] 2023-02-21 10:30:37,999 [restartedMain] SQL dialect - HHH000400: Using dialect: org.hibernate.dialect.MySQLDialect
 9844 --- [restartedMain] SQL dialect                              : HHH000400: Using dialect: org.hibernate.dialect.MySQLDialect
2023-02-21T10:30:38.868-05:00 INFO  [-] 2023-02-21 10:30:38,868 [restartedMain] o.h.e.t.j.p.i.JtaPlatformInitiator - HHH000490: Using JtaPlatform implementation: [org.hibernate.engine.transaction.jta.platform.internal.NoJtaPlatform]
 9844 --- [restartedMain] o.h.e.t.j.p.i.JtaPlatformInitiator       : HHH000490: Using JtaPlatform implementation: [org.hibernate.engine.transaction.jta.platform.internal.NoJtaPlatform]
2023-02-21T10:30:38.880-05:00 INFO  [-] 2023-02-21 10:30:38,880 [restartedMain] o.s.o.j.LocalContainerEntityManagerFactoryBean - Initialized JPA EntityManagerFactory for persistence unit 'default'
 9844 --- [restartedMain] j.LocalContainerEntityManagerFactoryBean : Initialized JPA EntityManagerFactory for persistence unit 'default'
2023-02-21T10:30:39.340-05:00 WARN  [-] 2023-02-21 10:30:39,340 [restartedMain] o.s.b.a.o.j.JpaBaseConfiguration$JpaWebConfiguration - spring.jpa.open-in-view is enabled by default. Therefore, database queries may be performed during view rendering. Explicitly configure spring.jpa.open-in-view to disable this warning
 9844 --- [restartedMain] JpaBaseConfiguration$JpaWebConfiguration : spring.jpa.open-in-view is enabled by default. Therefore, database queries may be performed during view rendering. Explicitly configure spring.jpa.open-in-view to disable this warning
2023-02-21T10:30:39.357-05:00 WARN  [-] 2023-02-21 10:30:39,357 [restartedMain] o.s.b.a.s.s.UserDetailsServiceAutoConfiguration - 

Using generated security password: 451a25dd-3515-4f12-ab2a-ce79f49f0898

This generated password is for development use only. Your security configuration must be updated before running your application in production.

 9844 --- [restartedMain] .s.s.UserDetailsServiceAutoConfiguration : 

Using generated security password: 451a25dd-3515-4f12-ab2a-ce79f49f0898

This generated password is for development use only. Your security configuration must be updated before running your application in production.

2023-02-21T10:30:39.498-05:00 INFO  [-] 2023-02-21 10:30:39,498 [restartedMain] o.s.b.a.w.s.WelcomePageHandlerMapping - Adding welcome page template: index
 9844 --- [restartedMain] o.s.b.a.w.s.WelcomePageHandlerMapping    : Adding welcome page template: index
2023-02-21T10:30:40.030-05:00 INFO  [-] 2023-02-21 10:30:40,030 [restartedMain] o.s.b.a.e.w.EndpointLinksResolver - Exposing 1 endpoint(s) beneath base path '/actuator'
 9844 --- [restartedMain] o.s.b.a.e.web.EndpointLinksResolver      : Exposing 1 endpoint(s) beneath base path '/actuator'
2023-02-21T10:30:40.074-05:00 INFO  [-] 2023-02-21 10:30:40,074 [restartedMain] o.s.s.w.DefaultSecurityFilterChain - Will secure any request with [org.springframework.security.web.session.DisableEncodeUrlFilter@2b8f17f5, org.springframework.security.web.context.request.async.WebAsyncManagerIntegrationFilter@79cc37df, org.springframework.security.web.context.SecurityContextHolderFilter@7e4cc327, org.springframework.security.web.header.HeaderWriterFilter@14cf0f56, org.springframework.security.web.authentication.logout.LogoutFilter@27931f37, org.springframework.security.web.savedrequest.RequestCacheAwareFilter@7b616873, org.springframework.security.web.servletapi.SecurityContextHolderAwareRequestFilter@7e464077, org.springframework.security.web.authentication.AnonymousAuthenticationFilter@19c54eab, org.springframework.security.web.access.ExceptionTranslationFilter@1d26efdd, org.springframework.security.web.access.intercept.AuthorizationFilter@60765cff]
 9844 --- [restartedMain] o.s.s.web.DefaultSecurityFilterChain     : Will secure any request with [org.springframework.security.web.session.DisableEncodeUrlFilter@2b8f17f5, org.springframework.security.web.context.request.async.WebAsyncManagerIntegrationFilter@79cc37df, org.springframework.security.web.context.SecurityContextHolderFilter@7e4cc327, org.springframework.security.web.header.HeaderWriterFilter@14cf0f56, org.springframework.security.web.authentication.logout.LogoutFilter@27931f37, org.springframework.security.web.savedrequest.RequestCacheAwareFilter@7b616873, org.springframework.security.web.servletapi.SecurityContextHolderAwareRequestFilter@7e464077, org.springframework.security.web.authentication.AnonymousAuthenticationFilter@19c54eab, org.springframework.security.web.access.ExceptionTranslationFilter@1d26efdd, org.springframework.security.web.access.intercept.AuthorizationFilter@60765cff]
2023-02-21T10:30:40.525-05:00 INFO  [-] 2023-02-21 10:30:40,525 [restartedMain] o.s.b.d.a.OptionalLiveReloadServer - LiveReload server is running on port 35729
 9844 --- [restartedMain] o.s.b.d.a.OptionalLiveReloadServer       : LiveReload server is running on port 35729
2023-02-21T10:30:40.635-05:00 INFO  [-] 2023-02-21 10:30:40,635 [restartedMain] o.s.b.w.e.t.TomcatWebServer - Tomcat started on port(s): 8080 (http) with context path ''
 9844 --- [restartedMain] o.s.b.w.embedded.tomcat.TomcatWebServer  : Tomcat started on port(s): 8080 (http) with context path ''
2023-02-21T10:30:40.648-05:00 INFO  [-] 2023-02-21 10:30:40,648 [restartedMain] c.r.b.BuddyByDaylightApplication - Started BuddyByDaylightApplication in 7.277 seconds (process running for 8.501)
 9844 --- [restartedMain] c.r.b.BuddyByDaylightApplication         : Started BuddyByDaylightApplication in 7.277 seconds (process running for 8.501)
2023-02-21T10:30:40.894-05:00 INFO  [-] 2023-02-21 10:30:40,894 [RMI TCP Connection(1)-192.168.1.160] o.a.c.c.C.[.[.[/] - Initializing Spring DispatcherServlet 'dispatcherServlet'
 9844 --- [RMI TCP Connection(1)-192.168.1.160] o.a.c.c.C.[Tomcat].[localhost].[/]       : Initializing Spring DispatcherServlet 'dispatcherServlet'
2023-02-21T10:30:40.894-05:00 INFO  [-] 2023-02-21 10:30:40,894 [RMI TCP Connection(1)-192.168.1.160] o.s.w.s.DispatcherServlet - Initializing Servlet 'dispatcherServlet'
 9844 --- [RMI TCP Connection(1)-192.168.1.160] o.s.web.servlet.DispatcherServlet        : Initializing Servlet 'dispatcherServlet'
2023-02-21T10:30:40.897-05:00 INFO  [-] 2023-02-21 10:30:40,897 [RMI TCP Connection(1)-192.168.1.160] o.s.w.s.DispatcherServlet - Completed initialization in 1 ms
 9844 --- [RMI TCP Connection(1)-192.168.1.160] o.s.web.servlet.DispatcherServlet        : Completed initialization in 1 ms
2023-02-21T10:52:01.866-05:00 INFO  [-] 2023-02-21 10:52:01,866 [SpringApplicationShutdownHook] o.s.o.j.LocalContainerEntityManagerFactoryBean - Closing JPA EntityManagerFactory for persistence unit 'default'
 9844 --- [SpringApplicationShutdownHook] j.LocalContainerEntityManagerFactoryBean : Closing JPA EntityManagerFactory for persistence unit 'default'
2023-02-21T10:52:01.873-05:00 INFO  [-] 2023-02-21 10:52:01,873 [SpringApplicationShutdownHook] c.z.h.HikariDataSource - HikariPool-1 - Shutdown initiated...
 9844 --- [SpringApplicationShutdownHook] com.zaxxer.hikari.HikariDataSource       : HikariPool-1 - Shutdown initiated...
2023-02-21T10:52:01.881-05:00 INFO  [-] 2023-02-21 10:52:01,881 [SpringApplicationShutdownHook] c.z.h.HikariDataSource - HikariPool-1 - Shutdown completed.
 9844 --- [SpringApplicationShutdownHook] com.zaxxer.hikari.HikariDataSource       : HikariPool-1 - Shutdown completed.
2023-02-21T10:52:51.228-05:00 INFO  [-] 2023-02-21 10:52:51,228 [restartedMain] c.r.b.BuddyByDaylightApplication - Starting BuddyByDaylightApplication using Java 19.0.2 with PID 17300 (C:\Projects\spring-boot-workspace\BuddyByDaylight\target\classes started by tiffy in C:\Projects\spring-boot-workspace\BuddyByDaylight)
 17300 --- [restartedMain] c.r.b.BuddyByDaylightApplication         : Starting BuddyByDaylightApplication using Java 19.0.2 with PID 17300 (C:\Projects\spring-boot-workspace\BuddyByDaylight\target\classes started by tiffy in C:\Projects\spring-boot-workspace\BuddyByDaylight)
2023-02-21T10:52:51.231-05:00 INFO  [-] 2023-02-21 10:52:51,231 [restartedMain] c.r.b.BuddyByDaylightApplication - No active profile set, falling back to 1 default profile: "default"
 17300 --- [restartedMain] c.r.b.BuddyByDaylightApplication         : No active profile set, falling back to 1 default profile: "default"
2023-02-21T10:52:51.289-05:00 INFO  [-] 2023-02-21 10:52:51,289 [restartedMain] o.s.b.d.e.DevToolsPropertyDefaultsPostProcessor - Devtools property defaults active! Set 'spring.devtools.add-properties' to 'false' to disable
 17300 --- [restartedMain] .e.DevToolsPropertyDefaultsPostProcessor : Devtools property defaults active! Set 'spring.devtools.add-properties' to 'false' to disable
2023-02-21T10:52:51.289-05:00 INFO  [-] 2023-02-21 10:52:51,289 [restartedMain] o.s.b.d.e.DevToolsPropertyDefaultsPostProcessor - For additional web related logging consider setting the 'logging.level.web' property to 'DEBUG'
 17300 --- [restartedMain] .e.DevToolsPropertyDefaultsPostProcessor : For additional web related logging consider setting the 'logging.level.web' property to 'DEBUG'
2023-02-21T10:52:52.285-05:00 INFO  [-] 2023-02-21 10:52:52,285 [restartedMain] o.s.d.r.c.RepositoryConfigurationDelegate - Bootstrapping Spring Data JPA repositories in DEFAULT mode.
 17300 --- [restartedMain] .s.d.r.c.RepositoryConfigurationDelegate : Bootstrapping Spring Data JPA repositories in DEFAULT mode.
2023-02-21T10:52:52.339-05:00 INFO  [-] 2023-02-21 10:52:52,339 [restartedMain] o.s.d.r.c.RepositoryConfigurationDelegate - Finished Spring Data repository scanning in 48 ms. Found 3 JPA repository interfaces.
 17300 --- [restartedMain] .s.d.r.c.RepositoryConfigurationDelegate : Finished Spring Data repository scanning in 48 ms. Found 3 JPA repository interfaces.
2023-02-21T10:52:52.920-05:00 INFO  [-] 2023-02-21 10:52:52,920 [restartedMain] o.s.b.w.e.t.TomcatWebServer - Tomcat initialized with port(s): 8080 (http)
 17300 --- [restartedMain] o.s.b.w.embedded.tomcat.TomcatWebServer  : Tomcat initialized with port(s): 8080 (http)
2023-02-21T10:52:52.928-05:00 INFO  [-] 2023-02-21 10:52:52,928 [restartedMain] o.a.c.c.StandardService - Starting service [Tomcat]
 17300 --- [restartedMain] o.apache.catalina.core.StandardService   : Starting service [Tomcat]
2023-02-21T10:52:52.928-05:00 INFO  [-] 2023-02-21 10:52:52,928 [restartedMain] o.a.c.c.StandardEngine - Starting Servlet engine: [Apache Tomcat/10.1.5]
 17300 --- [restartedMain] o.apache.catalina.core.StandardEngine    : Starting Servlet engine: [Apache Tomcat/10.1.5]
2023-02-21T10:52:52.991-05:00 INFO  [-] 2023-02-21 10:52:52,991 [restartedMain] o.a.c.c.C.[.[.[/] - Initializing Spring embedded WebApplicationContext
 17300 --- [restartedMain] o.a.c.c.C.[Tomcat].[localhost].[/]       : Initializing Spring embedded WebApplicationContext
2023-02-21T10:52:52.992-05:00 INFO  [-] 2023-02-21 10:52:52,992 [restartedMain] o.s.b.w.s.c.ServletWebServerApplicationContext - Root WebApplicationContext: initialization completed in 1701 ms
 17300 --- [restartedMain] w.s.c.ServletWebServerApplicationContext : Root WebApplicationContext: initialization completed in 1701 ms
2023-02-21T10:52:53.153-05:00 INFO  [-] 2023-02-21 10:52:53,153 [restartedMain] c.z.h.HikariDataSource - HikariPool-1 - Starting...
 17300 --- [restartedMain] com.zaxxer.hikari.HikariDataSource       : HikariPool-1 - Starting...
2023-02-21T10:52:53.463-05:00 INFO  [-] 2023-02-21 10:52:53,463 [restartedMain] c.z.h.p.HikariPool - HikariPool-1 - Added connection com.mysql.cj.jdbc.ConnectionImpl@6f79a814
 17300 --- [restartedMain] com.zaxxer.hikari.pool.HikariPool        : HikariPool-1 - Added connection com.mysql.cj.jdbc.ConnectionImpl@6f79a814
2023-02-21T10:52:53.467-05:00 INFO  [-] 2023-02-21 10:52:53,467 [restartedMain] c.z.h.HikariDataSource - HikariPool-1 - Start completed.
 17300 --- [restartedMain] com.zaxxer.hikari.HikariDataSource       : HikariPool-1 - Start completed.
2023-02-21T10:52:53.767-05:00 INFO  [-] 2023-02-21 10:52:53,767 [restartedMain] o.h.j.i.u.LogHelper - HHH000204: Processing PersistenceUnitInfo [name: default]
 17300 --- [restartedMain] o.hibernate.jpa.internal.util.LogHelper  : HHH000204: Processing PersistenceUnitInfo [name: default]
2023-02-21T10:52:53.813-05:00 INFO  [-] 2023-02-21 10:52:53,813 [restartedMain] o.h.Version - HHH000412: Hibernate ORM core version 6.1.6.Final
 17300 --- [restartedMain] org.hibernate.Version                    : HHH000412: Hibernate ORM core version 6.1.6.Final
2023-02-21T10:52:53.969-05:00 WARN  [-] 2023-02-21 10:52:53,969 [restartedMain] o.h.o.deprecation - HHH90000021: Encountered deprecated setting [javax.persistence.sharedCache.mode], use [jakarta.persistence.sharedCache.mode] instead
 17300 --- [restartedMain] org.hibernate.orm.deprecation            : HHH90000021: Encountered deprecated setting [javax.persistence.sharedCache.mode], use [jakarta.persistence.sharedCache.mode] instead
2023-02-21T10:52:54.116-05:00 INFO  [-] 2023-02-21 10:52:54,116 [restartedMain] SQL dialect - HHH000400: Using dialect: org.hibernate.dialect.MySQLDialect
 17300 --- [restartedMain] SQL dialect                              : HHH000400: Using dialect: org.hibernate.dialect.MySQLDialect
2023-02-21T10:52:54.818-05:00 INFO  [-] 2023-02-21 10:52:54,818 [restartedMain] o.h.e.t.j.p.i.JtaPlatformInitiator - HHH000490: Using JtaPlatform implementation: [org.hibernate.engine.transaction.jta.platform.internal.NoJtaPlatform]
 17300 --- [restartedMain] o.h.e.t.j.p.i.JtaPlatformInitiator       : HHH000490: Using JtaPlatform implementation: [org.hibernate.engine.transaction.jta.platform.internal.NoJtaPlatform]
2023-02-21T10:52:54.826-05:00 INFO  [-] 2023-02-21 10:52:54,826 [restartedMain] o.s.o.j.LocalContainerEntityManagerFactoryBean - Initialized JPA EntityManagerFactory for persistence unit 'default'
 17300 --- [restartedMain] j.LocalContainerEntityManagerFactoryBean : Initialized JPA EntityManagerFactory for persistence unit 'default'
2023-02-21T10:52:55.226-05:00 WARN  [-] 2023-02-21 10:52:55,226 [restartedMain] o.s.b.a.o.j.JpaBaseConfiguration$JpaWebConfiguration - spring.jpa.open-in-view is enabled by default. Therefore, database queries may be performed during view rendering. Explicitly configure spring.jpa.open-in-view to disable this warning
 17300 --- [restartedMain] JpaBaseConfiguration$JpaWebConfiguration : spring.jpa.open-in-view is enabled by default. Therefore, database queries may be performed during view rendering. Explicitly configure spring.jpa.open-in-view to disable this warning
2023-02-21T10:52:55.255-05:00 WARN  [-] 2023-02-21 10:52:55,255 [restartedMain] o.s.b.a.s.s.UserDetailsServiceAutoConfiguration - 

Using generated security password: 7ada6b68-3d59-43ad-9023-cb01c8596363

This generated password is for development use only. Your security configuration must be updated before running your application in production.

 17300 --- [restartedMain] .s.s.UserDetailsServiceAutoConfiguration : 

Using generated security password: 7ada6b68-3d59-43ad-9023-cb01c8596363

This generated password is for development use only. Your security configuration must be updated before running your application in production.

2023-02-21T10:52:55.368-05:00 INFO  [-] 2023-02-21 10:52:55,368 [restartedMain] o.s.b.a.w.s.WelcomePageHandlerMapping - Adding welcome page template: index
 17300 --- [restartedMain] o.s.b.a.w.s.WelcomePageHandlerMapping    : Adding welcome page template: index
2023-02-21T10:52:55.989-05:00 INFO  [-] 2023-02-21 10:52:55,989 [restartedMain] o.s.b.a.e.w.EndpointLinksResolver - Exposing 1 endpoint(s) beneath base path '/actuator'
 17300 --- [restartedMain] o.s.b.a.e.web.EndpointLinksResolver      : Exposing 1 endpoint(s) beneath base path '/actuator'
2023-02-21T10:52:56.048-05:00 INFO  [-] 2023-02-21 10:52:56,048 [restartedMain] o.s.s.w.DefaultSecurityFilterChain - Will secure any request with [org.springframework.security.web.session.DisableEncodeUrlFilter@5f517188, org.springframework.security.web.context.request.async.WebAsyncManagerIntegrationFilter@79ffabe, org.springframework.security.web.context.SecurityContextHolderFilter@5b999659, org.springframework.security.web.header.HeaderWriterFilter@75c5baab, org.springframework.security.web.authentication.logout.LogoutFilter@62cb6461, org.springframework.security.web.savedrequest.RequestCacheAwareFilter@35a0ee07, org.springframework.security.web.servletapi.SecurityContextHolderAwareRequestFilter@38448c01, org.springframework.security.web.authentication.AnonymousAuthenticationFilter@6e6776b1, org.springframework.security.web.access.ExceptionTranslationFilter@799d8905, org.springframework.security.web.access.intercept.AuthorizationFilter@5e20d6da]
 17300 --- [restartedMain] o.s.s.web.DefaultSecurityFilterChain     : Will secure any request with [org.springframework.security.web.session.DisableEncodeUrlFilter@5f517188, org.springframework.security.web.context.request.async.WebAsyncManagerIntegrationFilter@79ffabe, org.springframework.security.web.context.SecurityContextHolderFilter@5b999659, org.springframework.security.web.header.HeaderWriterFilter@75c5baab, org.springframework.security.web.authentication.logout.LogoutFilter@62cb6461, org.springframework.security.web.savedrequest.RequestCacheAwareFilter@35a0ee07, org.springframework.security.web.servletapi.SecurityContextHolderAwareRequestFilter@38448c01, org.springframework.security.web.authentication.AnonymousAuthenticationFilter@6e6776b1, org.springframework.security.web.access.ExceptionTranslationFilter@799d8905, org.springframework.security.web.access.intercept.AuthorizationFilter@5e20d6da]
2023-02-21T10:52:56.434-05:00 INFO  [-] 2023-02-21 10:52:56,434 [restartedMain] o.s.b.d.a.OptionalLiveReloadServer - LiveReload server is running on port 35729
 17300 --- [restartedMain] o.s.b.d.a.OptionalLiveReloadServer       : LiveReload server is running on port 35729
2023-02-21T10:52:56.518-05:00 INFO  [-] 2023-02-21 10:52:56,518 [restartedMain] o.s.b.w.e.t.TomcatWebServer - Tomcat started on port(s): 8080 (http) with context path ''
 17300 --- [restartedMain] o.s.b.w.embedded.tomcat.TomcatWebServer  : Tomcat started on port(s): 8080 (http) with context path ''
2023-02-21T10:52:56.547-05:00 INFO  [-] 2023-02-21 10:52:56,547 [restartedMain] c.r.b.BuddyByDaylightApplication - Started BuddyByDaylightApplication in 5.749 seconds (process running for 6.507)
 17300 --- [restartedMain] c.r.b.BuddyByDaylightApplication         : Started BuddyByDaylightApplication in 5.749 seconds (process running for 6.507)
2023-02-21T10:52:57.078-05:00 INFO  [-] 2023-02-21 10:52:57,078 [RMI TCP Connection(6)-192.168.1.160] o.a.c.c.C.[.[.[/] - Initializing Spring DispatcherServlet 'dispatcherServlet'
 17300 --- [RMI TCP Connection(6)-192.168.1.160] o.a.c.c.C.[Tomcat].[localhost].[/]       : Initializing Spring DispatcherServlet 'dispatcherServlet'
2023-02-21T10:52:57.078-05:00 INFO  [-] 2023-02-21 10:52:57,078 [RMI TCP Connection(6)-192.168.1.160] o.s.w.s.DispatcherServlet - Initializing Servlet 'dispatcherServlet'
 17300 --- [RMI TCP Connection(6)-192.168.1.160] o.s.web.servlet.DispatcherServlet        : Initializing Servlet 'dispatcherServlet'
2023-02-21T10:52:57.081-05:00 INFO  [-] 2023-02-21 10:52:57,081 [RMI TCP Connection(6)-192.168.1.160] o.s.w.s.DispatcherServlet - Completed initialization in 0 ms
 17300 --- [RMI TCP Connection(6)-192.168.1.160] o.s.web.servlet.DispatcherServlet        : Completed initialization in 0 ms
2023-02-21T10:53:32.640-05:00 INFO  [-] 2023-02-21 10:53:32,640 [SpringApplicationShutdownHook] o.s.o.j.LocalContainerEntityManagerFactoryBean - Closing JPA EntityManagerFactory for persistence unit 'default'
 17300 --- [SpringApplicationShutdownHook] j.LocalContainerEntityManagerFactoryBean : Closing JPA EntityManagerFactory for persistence unit 'default'
2023-02-21T10:53:32.642-05:00 INFO  [-] 2023-02-21 10:53:32,642 [SpringApplicationShutdownHook] c.z.h.HikariDataSource - HikariPool-1 - Shutdown initiated...
 17300 --- [SpringApplicationShutdownHook] com.zaxxer.hikari.HikariDataSource       : HikariPool-1 - Shutdown initiated...
2023-02-21T10:53:32.650-05:00 INFO  [-] 2023-02-21 10:53:32,650 [SpringApplicationShutdownHook] c.z.h.HikariDataSource - HikariPool-1 - Shutdown completed.
 17300 --- [SpringApplicationShutdownHook] com.zaxxer.hikari.HikariDataSource       : HikariPool-1 - Shutdown completed.
2023-02-21T10:53:37.797-05:00 INFO  [-] 2023-02-21 10:53:37,797 [restartedMain] c.r.b.BuddyByDaylightApplication - Starting BuddyByDaylightApplication using Java 19.0.2 with PID 19324 (C:\Projects\spring-boot-workspace\BuddyByDaylight\target\classes started by tiffy in C:\Projects\spring-boot-workspace\BuddyByDaylight)
 19324 --- [restartedMain] c.r.b.BuddyByDaylightApplication         : Starting BuddyByDaylightApplication using Java 19.0.2 with PID 19324 (C:\Projects\spring-boot-workspace\BuddyByDaylight\target\classes started by tiffy in C:\Projects\spring-boot-workspace\BuddyByDaylight)
2023-02-21T10:53:37.799-05:00 INFO  [-] 2023-02-21 10:53:37,799 [restartedMain] c.r.b.BuddyByDaylightApplication - No active profile set, falling back to 1 default profile: "default"
 19324 --- [restartedMain] c.r.b.BuddyByDaylightApplication         : No active profile set, falling back to 1 default profile: "default"
2023-02-21T10:53:37.844-05:00 INFO  [-] 2023-02-21 10:53:37,844 [restartedMain] o.s.b.d.e.DevToolsPropertyDefaultsPostProcessor - Devtools property defaults active! Set 'spring.devtools.add-properties' to 'false' to disable
 19324 --- [restartedMain] .e.DevToolsPropertyDefaultsPostProcessor : Devtools property defaults active! Set 'spring.devtools.add-properties' to 'false' to disable
2023-02-21T10:53:37.845-05:00 INFO  [-] 2023-02-21 10:53:37,845 [restartedMain] o.s.b.d.e.DevToolsPropertyDefaultsPostProcessor - For additional web related logging consider setting the 'logging.level.web' property to 'DEBUG'
 19324 --- [restartedMain] .e.DevToolsPropertyDefaultsPostProcessor : For additional web related logging consider setting the 'logging.level.web' property to 'DEBUG'
2023-02-21T10:53:38.884-05:00 INFO  [-] 2023-02-21 10:53:38,884 [restartedMain] o.s.d.r.c.RepositoryConfigurationDelegate - Bootstrapping Spring Data JPA repositories in DEFAULT mode.
 19324 --- [restartedMain] .s.d.r.c.RepositoryConfigurationDelegate : Bootstrapping Spring Data JPA repositories in DEFAULT mode.
2023-02-21T10:53:38.937-05:00 INFO  [-] 2023-02-21 10:53:38,937 [restartedMain] o.s.d.r.c.RepositoryConfigurationDelegate - Finished Spring Data repository scanning in 44 ms. Found 3 JPA repository interfaces.
 19324 --- [restartedMain] .s.d.r.c.RepositoryConfigurationDelegate : Finished Spring Data repository scanning in 44 ms. Found 3 JPA repository interfaces.
2023-02-21T10:53:39.694-05:00 INFO  [-] 2023-02-21 10:53:39,694 [restartedMain] o.s.b.w.e.t.TomcatWebServer - Tomcat initialized with port(s): 8080 (http)
 19324 --- [restartedMain] o.s.b.w.embedded.tomcat.TomcatWebServer  : Tomcat initialized with port(s): 8080 (http)
2023-02-21T10:53:39.709-05:00 INFO  [-] 2023-02-21 10:53:39,709 [restartedMain] o.a.c.c.StandardService - Starting service [Tomcat]
 19324 --- [restartedMain] o.apache.catalina.core.StandardService   : Starting service [Tomcat]
2023-02-21T10:53:39.710-05:00 INFO  [-] 2023-02-21 10:53:39,710 [restartedMain] o.a.c.c.StandardEngine - Starting Servlet engine: [Apache Tomcat/10.1.5]
 19324 --- [restartedMain] o.apache.catalina.core.StandardEngine    : Starting Servlet engine: [Apache Tomcat/10.1.5]
2023-02-21T10:53:39.771-05:00 INFO  [-] 2023-02-21 10:53:39,771 [restartedMain] o.a.c.c.C.[.[.[/] - Initializing Spring embedded WebApplicationContext
 19324 --- [restartedMain] o.a.c.c.C.[Tomcat].[localhost].[/]       : Initializing Spring embedded WebApplicationContext
2023-02-21T10:53:39.772-05:00 INFO  [-] 2023-02-21 10:53:39,772 [restartedMain] o.s.b.w.s.c.ServletWebServerApplicationContext - Root WebApplicationContext: initialization completed in 1927 ms
 19324 --- [restartedMain] w.s.c.ServletWebServerApplicationContext : Root WebApplicationContext: initialization completed in 1927 ms
2023-02-21T10:53:39.950-05:00 INFO  [-] 2023-02-21 10:53:39,950 [restartedMain] c.z.h.HikariDataSource - HikariPool-1 - Starting...
 19324 --- [restartedMain] com.zaxxer.hikari.HikariDataSource       : HikariPool-1 - Starting...
2023-02-21T10:53:40.232-05:00 INFO  [-] 2023-02-21 10:53:40,232 [restartedMain] c.z.h.p.HikariPool - HikariPool-1 - Added connection com.mysql.cj.jdbc.ConnectionImpl@5b47f154
 19324 --- [restartedMain] com.zaxxer.hikari.pool.HikariPool        : HikariPool-1 - Added connection com.mysql.cj.jdbc.ConnectionImpl@5b47f154
2023-02-21T10:53:40.233-05:00 INFO  [-] 2023-02-21 10:53:40,233 [restartedMain] c.z.h.HikariDataSource - HikariPool-1 - Start completed.
 19324 --- [restartedMain] com.zaxxer.hikari.HikariDataSource       : HikariPool-1 - Start completed.
2023-02-21T10:53:40.573-05:00 INFO  [-] 2023-02-21 10:53:40,573 [restartedMain] o.h.j.i.u.LogHelper - HHH000204: Processing PersistenceUnitInfo [name: default]
 19324 --- [restartedMain] o.hibernate.jpa.internal.util.LogHelper  : HHH000204: Processing PersistenceUnitInfo [name: default]
2023-02-21T10:53:40.627-05:00 INFO  [-] 2023-02-21 10:53:40,627 [restartedMain] o.h.Version - HHH000412: Hibernate ORM core version 6.1.6.Final
 19324 --- [restartedMain] org.hibernate.Version                    : HHH000412: Hibernate ORM core version 6.1.6.Final
2023-02-21T10:53:40.796-05:00 WARN  [-] 2023-02-21 10:53:40,796 [restartedMain] o.h.o.deprecation - HHH90000021: Encountered deprecated setting [javax.persistence.sharedCache.mode], use [jakarta.persistence.sharedCache.mode] instead
 19324 --- [restartedMain] org.hibernate.orm.deprecation            : HHH90000021: Encountered deprecated setting [javax.persistence.sharedCache.mode], use [jakarta.persistence.sharedCache.mode] instead
2023-02-21T10:53:40.959-05:00 INFO  [-] 2023-02-21 10:53:40,959 [restartedMain] SQL dialect - HHH000400: Using dialect: org.hibernate.dialect.MySQLDialect
 19324 --- [restartedMain] SQL dialect                              : HHH000400: Using dialect: org.hibernate.dialect.MySQLDialect
2023-02-21T10:53:41.828-05:00 INFO  [-] 2023-02-21 10:53:41,828 [restartedMain] o.h.e.t.j.p.i.JtaPlatformInitiator - HHH000490: Using JtaPlatform implementation: [org.hibernate.engine.transaction.jta.platform.internal.NoJtaPlatform]
 19324 --- [restartedMain] o.h.e.t.j.p.i.JtaPlatformInitiator       : HHH000490: Using JtaPlatform implementation: [org.hibernate.engine.transaction.jta.platform.internal.NoJtaPlatform]
2023-02-21T10:53:41.835-05:00 INFO  [-] 2023-02-21 10:53:41,835 [restartedMain] o.s.o.j.LocalContainerEntityManagerFactoryBean - Initialized JPA EntityManagerFactory for persistence unit 'default'
 19324 --- [restartedMain] j.LocalContainerEntityManagerFactoryBean : Initialized JPA EntityManagerFactory for persistence unit 'default'
2023-02-21T10:53:42.308-05:00 WARN  [-] 2023-02-21 10:53:42,308 [restartedMain] o.s.b.a.o.j.JpaBaseConfiguration$JpaWebConfiguration - spring.jpa.open-in-view is enabled by default. Therefore, database queries may be performed during view rendering. Explicitly configure spring.jpa.open-in-view to disable this warning
 19324 --- [restartedMain] JpaBaseConfiguration$JpaWebConfiguration : spring.jpa.open-in-view is enabled by default. Therefore, database queries may be performed during view rendering. Explicitly configure spring.jpa.open-in-view to disable this warning
2023-02-21T10:53:42.332-05:00 WARN  [-] 2023-02-21 10:53:42,332 [restartedMain] o.s.b.a.s.s.UserDetailsServiceAutoConfiguration - 

Using generated security password: 39408b0e-2961-497f-9439-13b6341423da

This generated password is for development use only. Your security configuration must be updated before running your application in production.

 19324 --- [restartedMain] .s.s.UserDetailsServiceAutoConfiguration : 

Using generated security password: 39408b0e-2961-497f-9439-13b6341423da

This generated password is for development use only. Your security configuration must be updated before running your application in production.

2023-02-21T10:53:42.438-05:00 INFO  [-] 2023-02-21 10:53:42,438 [restartedMain] o.s.b.a.w.s.WelcomePageHandlerMapping - Adding welcome page template: index
 19324 --- [restartedMain] o.s.b.a.w.s.WelcomePageHandlerMapping    : Adding welcome page template: index
2023-02-21T10:53:42.969-05:00 INFO  [-] 2023-02-21 10:53:42,969 [restartedMain] o.s.b.a.e.w.EndpointLinksResolver - Exposing 1 endpoint(s) beneath base path '/actuator'
 19324 --- [restartedMain] o.s.b.a.e.web.EndpointLinksResolver      : Exposing 1 endpoint(s) beneath base path '/actuator'
2023-02-21T10:53:43.008-05:00 INFO  [-] 2023-02-21 10:53:43,008 [restartedMain] o.s.s.w.DefaultSecurityFilterChain - Will secure any request with [org.springframework.security.web.session.DisableEncodeUrlFilter@1a645543, org.springframework.security.web.context.request.async.WebAsyncManagerIntegrationFilter@1559635a, org.springframework.security.web.context.SecurityContextHolderFilter@799d8905, org.springframework.security.web.header.HeaderWriterFilter@e9cf419, org.springframework.security.web.authentication.logout.LogoutFilter@1c0dc511, org.springframework.security.web.savedrequest.RequestCacheAwareFilter@75c5baab, org.springframework.security.web.servletapi.SecurityContextHolderAwareRequestFilter@3517f63, org.springframework.security.web.authentication.AnonymousAuthenticationFilter@5e20d6da, org.springframework.security.web.access.ExceptionTranslationFilter@3b89ac8, org.springframework.security.web.access.intercept.AuthorizationFilter@4b889752]
 19324 --- [restartedMain] o.s.s.web.DefaultSecurityFilterChain     : Will secure any request with [org.springframework.security.web.session.DisableEncodeUrlFilter@1a645543, org.springframework.security.web.context.request.async.WebAsyncManagerIntegrationFilter@1559635a, org.springframework.security.web.context.SecurityContextHolderFilter@799d8905, org.springframework.security.web.header.HeaderWriterFilter@e9cf419, org.springframework.security.web.authentication.logout.LogoutFilter@1c0dc511, org.springframework.security.web.savedrequest.RequestCacheAwareFilter@75c5baab, org.springframework.security.web.servletapi.SecurityContextHolderAwareRequestFilter@3517f63, org.springframework.security.web.authentication.AnonymousAuthenticationFilter@5e20d6da, org.springframework.security.web.access.ExceptionTranslationFilter@3b89ac8, org.springframework.security.web.access.intercept.AuthorizationFilter@4b889752]
2023-02-21T10:53:43.300-05:00 INFO  [-] 2023-02-21 10:53:43,300 [restartedMain] o.s.b.d.a.OptionalLiveReloadServer - LiveReload server is running on port 35729
 19324 --- [restartedMain] o.s.b.d.a.OptionalLiveReloadServer       : LiveReload server is running on port 35729
2023-02-21T10:53:43.368-05:00 INFO  [-] 2023-02-21 10:53:43,368 [restartedMain] o.s.b.w.e.t.TomcatWebServer - Tomcat started on port(s): 8080 (http) with context path ''
 19324 --- [restartedMain] o.s.b.w.embedded.tomcat.TomcatWebServer  : Tomcat started on port(s): 8080 (http) with context path ''
2023-02-21T10:53:43.383-05:00 INFO  [-] 2023-02-21 10:53:43,383 [restartedMain] c.r.b.BuddyByDaylightApplication - Started BuddyByDaylightApplication in 5.985 seconds (process running for 6.824)
 19324 --- [restartedMain] c.r.b.BuddyByDaylightApplication         : Started BuddyByDaylightApplication in 5.985 seconds (process running for 6.824)
2023-02-21T10:53:43.443-05:00 INFO  [-] 2023-02-21 10:53:43,443 [http-nio-8080-exec-1] o.a.c.c.C.[.[.[/] - Initializing Spring DispatcherServlet 'dispatcherServlet'
 19324 --- [http-nio-8080-exec-1] o.a.c.c.C.[Tomcat].[localhost].[/]       : Initializing Spring DispatcherServlet 'dispatcherServlet'
2023-02-21T10:53:43.443-05:00 INFO  [-] 2023-02-21 10:53:43,443 [http-nio-8080-exec-1] o.s.w.s.DispatcherServlet - Initializing Servlet 'dispatcherServlet'
 19324 --- [http-nio-8080-exec-1] o.s.web.servlet.DispatcherServlet        : Initializing Servlet 'dispatcherServlet'
2023-02-21T10:53:43.447-05:00 INFO  [-] 2023-02-21 10:53:43,447 [http-nio-8080-exec-1] o.s.w.s.DispatcherServlet - Completed initialization in 4 ms
 19324 --- [http-nio-8080-exec-1] o.s.web.servlet.DispatcherServlet        : Completed initialization in 4 ms
2023-02-21T11:09:08.753-05:00 INFO  [-] 2023-02-21 11:09:08,753 [SpringApplicationShutdownHook] o.s.o.j.LocalContainerEntityManagerFactoryBean - Closing JPA EntityManagerFactory for persistence unit 'default'
 19324 --- [SpringApplicationShutdownHook] j.LocalContainerEntityManagerFactoryBean : Closing JPA EntityManagerFactory for persistence unit 'default'
2023-02-21T11:09:08.758-05:00 INFO  [-] 2023-02-21 11:09:08,758 [SpringApplicationShutdownHook] c.z.h.HikariDataSource - HikariPool-1 - Shutdown initiated...
 19324 --- [SpringApplicationShutdownHook] com.zaxxer.hikari.HikariDataSource       : HikariPool-1 - Shutdown initiated...
2023-02-21T11:09:08.766-05:00 INFO  [-] 2023-02-21 11:09:08,766 [SpringApplicationShutdownHook] c.z.h.HikariDataSource - HikariPool-1 - Shutdown completed.
 19324 --- [SpringApplicationShutdownHook] com.zaxxer.hikari.HikariDataSource       : HikariPool-1 - Shutdown completed.
